Error: Access denied for user 'dojopro'@'localhost'
    at PromisePool.query (/var/www/dojopro/backend/node_modules/mysql2/lib/promise/pool.js:36:22)
    at /var/www/dojopro/backend/app.js:32:31
    at Layer.handleRequest (/var/www/dojopro/backend/node_modules/router/lib/layer.js:152:17)
    at next (/var/www/dojopro/backend/node_modules/router/lib/route.js:157:13)
    at Route.dispatch (/var/www/dojopro/backend/node_modules/router/lib/route.js:117:3)
    at handle (/var/www/dojopro/backend/node_modules/router/index.js:435:11)
    at Layer.handleRequest (/var/www/dojopro/backend/node_modules/router/lib/layer.js:152:17)
    at /var/www/dojopro/backend/node_modules/router/index.js:295:15
    at processParams (/var/www/dojopro/backend/node_modules/router/index.js:582:12)
    at next (/var/www/dojopro/backend/node_modules/router/index.js:291:5) {
  code: 'ER_ACCESS_DENIED_NO_PASSWORD_ERROR',
  errno: 1698,
  sql: undefined,
  sqlState: '28000',
  sqlMessage: "Access denied for user 'dojopro'@'localhost'"
}
Error: Access denied for user 'dojopro'@'localhost'
    at PromisePool.query (/var/www/dojopro/backend/node_modules/mysql2/lib/promise/pool.js:36:22)
    at /var/www/dojopro/backend/app.js:32:31
    at Layer.handleRequest (/var/www/dojopro/backend/node_modules/router/lib/layer.js:152:17)
    at next (/var/www/dojopro/backend/node_modules/router/lib/route.js:157:13)
    at Route.dispatch (/var/www/dojopro/backend/node_modules/router/lib/route.js:117:3)
    at handle (/var/www/dojopro/backend/node_modules/router/index.js:435:11)
    at Layer.handleRequest (/var/www/dojopro/backend/node_modules/router/lib/layer.js:152:17)
    at /var/www/dojopro/backend/node_modules/router/index.js:295:15
    at processParams (/var/www/dojopro/backend/node_modules/router/index.js:582:12)
    at next (/var/www/dojopro/backend/node_modules/router/index.js:291:5) {
  code: 'ER_ACCESS_DENIED_NO_PASSWORD_ERROR',
  errno: 1698,
  sql: undefined,
  sqlState: '28000',
  sqlMessage: "Access denied for user 'dojopro'@'localhost'"
}
Error: Access denied for user 'dojopro'@'localhost' (using password: YES)
    at PromisePool.query (/var/www/dojopro/backend/node_modules/mysql2/lib/promise/pool.js:36:22)
    at /var/www/dojopro/backend/app.js:32:31
    at Layer.handleRequest (/var/www/dojopro/backend/node_modules/router/lib/layer.js:152:17)
    at next (/var/www/dojopro/backend/node_modules/router/lib/route.js:157:13)
    at Route.dispatch (/var/www/dojopro/backend/node_modules/router/lib/route.js:117:3)
    at handle (/var/www/dojopro/backend/node_modules/router/index.js:435:11)
    at Layer.handleRequest (/var/www/dojopro/backend/node_modules/router/lib/layer.js:152:17)
    at /var/www/dojopro/backend/node_modules/router/index.js:295:15
    at processParams (/var/www/dojopro/backend/node_modules/router/index.js:582:12)
    at next (/var/www/dojopro/backend/node_modules/router/index.js:291:5) {
  code: 'ER_ACCESS_DENIED_ERROR',
  errno: 1045,
  sql: undefined,
  sqlState: '28000',
  sqlMessage: "Access denied for user 'dojopro'@'localhost' (using password: YES)"
}
Error: Access denied for user 'dojopro'@'localhost' (using password: YES)
    at PromisePool.query (/var/www/dojopro/backend/node_modules/mysql2/lib/promise/pool.js:36:22)
    at /var/www/dojopro/backend/app.js:32:31
    at Layer.handleRequest (/var/www/dojopro/backend/node_modules/router/lib/layer.js:152:17)
    at next (/var/www/dojopro/backend/node_modules/router/lib/route.js:157:13)
    at Route.dispatch (/var/www/dojopro/backend/node_modules/router/lib/route.js:117:3)
    at handle (/var/www/dojopro/backend/node_modules/router/index.js:435:11)
    at Layer.handleRequest (/var/www/dojopro/backend/node_modules/router/lib/layer.js:152:17)
    at /var/www/dojopro/backend/node_modules/router/index.js:295:15
    at processParams (/var/www/dojopro/backend/node_modules/router/index.js:582:12)
    at next (/var/www/dojopro/backend/node_modules/router/index.js:291:5) {
  code: 'ER_ACCESS_DENIED_ERROR',
  errno: 1045,
  sql: undefined,
  sqlState: '28000',
  sqlMessage: "Access denied for user 'dojopro'@'localhost' (using password: YES)"
}
Error: Access denied for user 'dojopro'@'localhost' (using password: YES)
    at PromisePool.query (/var/www/dojopro/backend/node_modules/mysql2/lib/promise/pool.js:36:22)
    at /var/www/dojopro/backend/app.js:32:31
    at Layer.handleRequest (/var/www/dojopro/backend/node_modules/router/lib/layer.js:152:17)
    at next (/var/www/dojopro/backend/node_modules/router/lib/route.js:157:13)
    at Route.dispatch (/var/www/dojopro/backend/node_modules/router/lib/route.js:117:3)
    at handle (/var/www/dojopro/backend/node_modules/router/index.js:435:11)
    at Layer.handleRequest (/var/www/dojopro/backend/node_modules/router/lib/layer.js:152:17)
    at /var/www/dojopro/backend/node_modules/router/index.js:295:15
    at processParams (/var/www/dojopro/backend/node_modules/router/index.js:582:12)
    at next (/var/www/dojopro/backend/node_modules/router/index.js:291:5) {
  code: 'ER_ACCESS_DENIED_ERROR',
  errno: 1045,
  sql: undefined,
  sqlState: '28000',
  sqlMessage: "Access denied for user 'dojopro'@'localhost' (using password: YES)"
}
(node:76404) Warning: To load an ES module, set "type": "module" in the package.json or use the .mjs extension.
(Use `node --trace-warnings ...` to show where the warning was created)
/var/www/dojopro/backend/app.js:13
import authRoutes from "./routes/auth.js";
^^^^^^

SyntaxError: Cannot use import statement outside a module
    at internalCompileFunction (node:internal/vm:76:18)
    at wrapSafe (node:internal/modules/cjs/loader:1283:20)
    at Module._compile (node:internal/modules/cjs/loader:1328:27)
    at Module._extensions..js (node:internal/modules/cjs/loader:1422:10)
    at Module.load (node:internal/modules/cjs/loader:1203:32)
    at Module._load (node:internal/modules/cjs/loader:1019:12)
    at Function.executeUserEntryPoint [as runMain] (node:internal/modules/run_main:128:12)
    at node:internal/main/run_main_module:28:49

Node.js v18.20.8
(node:76412) Warning: To load an ES module, set "type": "module" in the package.json or use the .mjs extension.
(Use `node --trace-warnings ...` to show where the warning was created)
/var/www/dojopro/backend/app.js:13
import authRoutes from "./routes/auth.js";
^^^^^^

SyntaxError: Cannot use import statement outside a module
    at internalCompileFunction (node:internal/vm:76:18)
    at wrapSafe (node:internal/modules/cjs/loader:1283:20)
    at Module._compile (node:internal/modules/cjs/loader:1328:27)
    at Module._extensions..js (node:internal/modules/cjs/loader:1422:10)
    at Module.load (node:internal/modules/cjs/loader:1203:32)
    at Module._load (node:internal/modules/cjs/loader:1019:12)
    at Function.executeUserEntryPoint [as runMain] (node:internal/modules/run_main:128:12)
    at node:internal/main/run_main_module:28:49

Node.js v18.20.8
(node:76420) Warning: To load an ES module, set "type": "module" in the package.json or use the .mjs extension.
(Use `node --trace-warnings ...` to show where the warning was created)
/var/www/dojopro/backend/app.js:13
import authRoutes from "./routes/auth.js";
^^^^^^

SyntaxError: Cannot use import statement outside a module
    at internalCompileFunction (node:internal/vm:76:18)
    at wrapSafe (node:internal/modules/cjs/loader:1283:20)
    at Module._compile (node:internal/modules/cjs/loader:1328:27)
    at Module._extensions..js (node:internal/modules/cjs/loader:1422:10)
    at Module.load (node:internal/modules/cjs/loader:1203:32)
    at Module._load (node:internal/modules/cjs/loader:1019:12)
    at Function.executeUserEntryPoint [as runMain] (node:internal/modules/run_main:128:12)
    at node:internal/main/run_main_module:28:49

Node.js v18.20.8
(node:76428) Warning: To load an ES module, set "type": "module" in the package.json or use the .mjs extension.
(Use `node --trace-warnings ...` to show where the warning was created)
/var/www/dojopro/backend/app.js:13
import authRoutes from "./routes/auth.js";
^^^^^^

SyntaxError: Cannot use import statement outside a module
    at internalCompileFunction (node:internal/vm:76:18)
    at wrapSafe (node:internal/modules/cjs/loader:1283:20)
    at Module._compile (node:internal/modules/cjs/loader:1328:27)
    at Module._extensions..js (node:internal/modules/cjs/loader:1422:10)
    at Module.load (node:internal/modules/cjs/loader:1203:32)
    at Module._load (node:internal/modules/cjs/loader:1019:12)
    at Function.executeUserEntryPoint [as runMain] (node:internal/modules/run_main:128:12)
    at node:internal/main/run_main_module:28:49

Node.js v18.20.8
(node:76436) Warning: To load an ES module, set "type": "module" in the package.json or use the .mjs extension.
(Use `node --trace-warnings ...` to show where the warning was created)
/var/www/dojopro/backend/app.js:13
import authRoutes from "./routes/auth.js";
^^^^^^

SyntaxError: Cannot use import statement outside a module
    at internalCompileFunction (node:internal/vm:76:18)
    at wrapSafe (node:internal/modules/cjs/loader:1283:20)
    at Module._compile (node:internal/modules/cjs/loader:1328:27)
    at Module._extensions..js (node:internal/modules/cjs/loader:1422:10)
    at Module.load (node:internal/modules/cjs/loader:1203:32)
    at Module._load (node:internal/modules/cjs/loader:1019:12)
    at Function.executeUserEntryPoint [as runMain] (node:internal/modules/run_main:128:12)
    at node:internal/main/run_main_module:28:49

Node.js v18.20.8
(node:76444) Warning: To load an ES module, set "type": "module" in the package.json or use the .mjs extension.
(Use `node --trace-warnings ...` to show where the warning was created)
/var/www/dojopro/backend/app.js:13
import authRoutes from "./routes/auth.js";
^^^^^^

SyntaxError: Cannot use import statement outside a module
    at internalCompileFunction (node:internal/vm:76:18)
    at wrapSafe (node:internal/modules/cjs/loader:1283:20)
    at Module._compile (node:internal/modules/cjs/loader:1328:27)
    at Module._extensions..js (node:internal/modules/cjs/loader:1422:10)
    at Module.load (node:internal/modules/cjs/loader:1203:32)
    at Module._load (node:internal/modules/cjs/loader:1019:12)
    at Function.executeUserEntryPoint [as runMain] (node:internal/modules/run_main:128:12)
    at node:internal/main/run_main_module:28:49

Node.js v18.20.8
(node:76452) Warning: To load an ES module, set "type": "module" in the package.json or use the .mjs extension.
(Use `node --trace-warnings ...` to show where the warning was created)
/var/www/dojopro/backend/app.js:13
import authRoutes from "./routes/auth.js";
^^^^^^

SyntaxError: Cannot use import statement outside a module
    at internalCompileFunction (node:internal/vm:76:18)
    at wrapSafe (node:internal/modules/cjs/loader:1283:20)
    at Module._compile (node:internal/modules/cjs/loader:1328:27)
    at Module._extensions..js (node:internal/modules/cjs/loader:1422:10)
    at Module.load (node:internal/modules/cjs/loader:1203:32)
    at Module._load (node:internal/modules/cjs/loader:1019:12)
    at Function.executeUserEntryPoint [as runMain] (node:internal/modules/run_main:128:12)
    at node:internal/main/run_main_module:28:49

Node.js v18.20.8
(node:76460) Warning: To load an ES module, set "type": "module" in the package.json or use the .mjs extension.
(Use `node --trace-warnings ...` to show where the warning was created)
/var/www/dojopro/backend/app.js:13
import authRoutes from "./routes/auth.js";
^^^^^^

SyntaxError: Cannot use import statement outside a module
    at internalCompileFunction (node:internal/vm:76:18)
    at wrapSafe (node:internal/modules/cjs/loader:1283:20)
    at Module._compile (node:internal/modules/cjs/loader:1328:27)
    at Module._extensions..js (node:internal/modules/cjs/loader:1422:10)
    at Module.load (node:internal/modules/cjs/loader:1203:32)
    at Module._load (node:internal/modules/cjs/loader:1019:12)
    at Function.executeUserEntryPoint [as runMain] (node:internal/modules/run_main:128:12)
    at node:internal/main/run_main_module:28:49

Node.js v18.20.8
(node:76468) Warning: To load an ES module, set "type": "module" in the package.json or use the .mjs extension.
(Use `node --trace-warnings ...` to show where the warning was created)
/var/www/dojopro/backend/app.js:13
import authRoutes from "./routes/auth.js";
^^^^^^

SyntaxError: Cannot use import statement outside a module
    at internalCompileFunction (node:internal/vm:76:18)
    at wrapSafe (node:internal/modules/cjs/loader:1283:20)
    at Module._compile (node:internal/modules/cjs/loader:1328:27)
    at Module._extensions..js (node:internal/modules/cjs/loader:1422:10)
    at Module.load (node:internal/modules/cjs/loader:1203:32)
    at Module._load (node:internal/modules/cjs/loader:1019:12)
    at Function.executeUserEntryPoint [as runMain] (node:internal/modules/run_main:128:12)
    at node:internal/main/run_main_module:28:49

Node.js v18.20.8
(node:76476) Warning: To load an ES module, set "type": "module" in the package.json or use the .mjs extension.
(Use `node --trace-warnings ...` to show where the warning was created)
/var/www/dojopro/backend/app.js:13
import authRoutes from "./routes/auth.js";
^^^^^^

SyntaxError: Cannot use import statement outside a module
    at internalCompileFunction (node:internal/vm:76:18)
    at wrapSafe (node:internal/modules/cjs/loader:1283:20)
    at Module._compile (node:internal/modules/cjs/loader:1328:27)
    at Module._extensions..js (node:internal/modules/cjs/loader:1422:10)
    at Module.load (node:internal/modules/cjs/loader:1203:32)
    at Module._load (node:internal/modules/cjs/loader:1019:12)
    at Function.executeUserEntryPoint [as runMain] (node:internal/modules/run_main:128:12)
    at node:internal/main/run_main_module:28:49

Node.js v18.20.8
(node:76484) Warning: To load an ES module, set "type": "module" in the package.json or use the .mjs extension.
(Use `node --trace-warnings ...` to show where the warning was created)
/var/www/dojopro/backend/app.js:13
import authRoutes from "./routes/auth.js";
^^^^^^

SyntaxError: Cannot use import statement outside a module
    at internalCompileFunction (node:internal/vm:76:18)
    at wrapSafe (node:internal/modules/cjs/loader:1283:20)
    at Module._compile (node:internal/modules/cjs/loader:1328:27)
    at Module._extensions..js (node:internal/modules/cjs/loader:1422:10)
    at Module.load (node:internal/modules/cjs/loader:1203:32)
    at Module._load (node:internal/modules/cjs/loader:1019:12)
    at Function.executeUserEntryPoint [as runMain] (node:internal/modules/run_main:128:12)
    at node:internal/main/run_main_module:28:49

Node.js v18.20.8
(node:76492) Warning: To load an ES module, set "type": "module" in the package.json or use the .mjs extension.
(Use `node --trace-warnings ...` to show where the warning was created)
/var/www/dojopro/backend/app.js:13
import authRoutes from "./routes/auth.js";
^^^^^^

SyntaxError: Cannot use import statement outside a module
    at internalCompileFunction (node:internal/vm:76:18)
    at wrapSafe (node:internal/modules/cjs/loader:1283:20)
    at Module._compile (node:internal/modules/cjs/loader:1328:27)
    at Module._extensions..js (node:internal/modules/cjs/loader:1422:10)
    at Module.load (node:internal/modules/cjs/loader:1203:32)
    at Module._load (node:internal/modules/cjs/loader:1019:12)
    at Function.executeUserEntryPoint [as runMain] (node:internal/modules/run_main:128:12)
    at node:internal/main/run_main_module:28:49

Node.js v18.20.8
(node:76500) Warning: To load an ES module, set "type": "module" in the package.json or use the .mjs extension.
(Use `node --trace-warnings ...` to show where the warning was created)
/var/www/dojopro/backend/app.js:13
import authRoutes from "./routes/auth.js";
^^^^^^

SyntaxError: Cannot use import statement outside a module
    at internalCompileFunction (node:internal/vm:76:18)
    at wrapSafe (node:internal/modules/cjs/loader:1283:20)
    at Module._compile (node:internal/modules/cjs/loader:1328:27)
    at Module._extensions..js (node:internal/modules/cjs/loader:1422:10)
    at Module.load (node:internal/modules/cjs/loader:1203:32)
    at Module._load (node:internal/modules/cjs/loader:1019:12)
    at Function.executeUserEntryPoint [as runMain] (node:internal/modules/run_main:128:12)
    at node:internal/main/run_main_module:28:49

Node.js v18.20.8
(node:76508) Warning: To load an ES module, set "type": "module" in the package.json or use the .mjs extension.
(Use `node --trace-warnings ...` to show where the warning was created)
/var/www/dojopro/backend/app.js:13
import authRoutes from "./routes/auth.js";
^^^^^^

SyntaxError: Cannot use import statement outside a module
    at internalCompileFunction (node:internal/vm:76:18)
    at wrapSafe (node:internal/modules/cjs/loader:1283:20)
    at Module._compile (node:internal/modules/cjs/loader:1328:27)
    at Module._extensions..js (node:internal/modules/cjs/loader:1422:10)
    at Module.load (node:internal/modules/cjs/loader:1203:32)
    at Module._load (node:internal/modules/cjs/loader:1019:12)
    at Function.executeUserEntryPoint [as runMain] (node:internal/modules/run_main:128:12)
    at node:internal/main/run_main_module:28:49

Node.js v18.20.8
(node:76516) Warning: To load an ES module, set "type": "module" in the package.json or use the .mjs extension.
(Use `node --trace-warnings ...` to show where the warning was created)
/var/www/dojopro/backend/app.js:13
import authRoutes from "./routes/auth.js";
^^^^^^

SyntaxError: Cannot use import statement outside a module
    at internalCompileFunction (node:internal/vm:76:18)
    at wrapSafe (node:internal/modules/cjs/loader:1283:20)
    at Module._compile (node:internal/modules/cjs/loader:1328:27)
    at Module._extensions..js (node:internal/modules/cjs/loader:1422:10)
    at Module.load (node:internal/modules/cjs/loader:1203:32)
    at Module._load (node:internal/modules/cjs/loader:1019:12)
    at Function.executeUserEntryPoint [as runMain] (node:internal/modules/run_main:128:12)
    at node:internal/main/run_main_module:28:49

Node.js v18.20.8
(node:76524) Warning: To load an ES module, set "type": "module" in the package.json or use the .mjs extension.
(Use `node --trace-warnings ...` to show where the warning was created)
/var/www/dojopro/backend/app.js:13
import authRoutes from "./routes/auth.js";
^^^^^^

SyntaxError: Cannot use import statement outside a module
    at internalCompileFunction (node:internal/vm:76:18)
    at wrapSafe (node:internal/modules/cjs/loader:1283:20)
    at Module._compile (node:internal/modules/cjs/loader:1328:27)
    at Module._extensions..js (node:internal/modules/cjs/loader:1422:10)
    at Module.load (node:internal/modules/cjs/loader:1203:32)
    at Module._load (node:internal/modules/cjs/loader:1019:12)
    at Function.executeUserEntryPoint [as runMain] (node:internal/modules/run_main:128:12)
    at node:internal/main/run_main_module:28:49

Node.js v18.20.8
